<?xml version="1.0" encoding="UTF-8"?>
<!-- Generated by org.testng.reporters.JUnitReportReporter -->
<testsuite skipped="0" hostname="DESKTOP-8TV4K1J" name="com.crm.qa.testcases.HomePageTest" tests="3" failures="0" timestamp="09 Jun 2020 08:15:39 GMT" time="70.856" errors="0">
  <testcase name="verifyHomePageTitleTest" time="21.913" classname="com.crm.qa.testcases.HomePageTest"/>
  <testcase name="verifyUserNameTest" time="20.448" classname="com.crm.qa.testcases.HomePageTest"/>
  <testcase name="verifyContactsLinkTest" time="28.495" classname="com.crm.qa.testcases.HomePageTest"/>
</testsuite> <!-- com.crm.qa.testcases.HomePageTest -->
