<?xml version="1.0" encoding="UTF-8"?>
<!-- Generated by org.testng.reporters.JUnitReportReporter -->
<testsuite skipped="0" hostname="DESKTOP-8TV4K1J" name="com.crm.qa.testcases.LoginPageTest" tests="2" failures="0" timestamp="09 Jun 2020 08:15:39 GMT" time="62.049" errors="0">
  <testcase name="LoginTest" time="43.946" classname="com.crm.qa.testcases.LoginPageTest"/>
  <testcase name="LoginPageTitleTest" time="18.103" classname="com.crm.qa.testcases.LoginPageTest"/>
</testsuite> <!-- com.crm.qa.testcases.LoginPageTest -->
