<?xml version="1.0" encoding="UTF-8"?>
<!-- Generated by org.testng.reporters.JUnitReportReporter -->
<testsuite skipped="0" hostname="DESKTOP-8TV4K1J" name="com.crm.qa.testcases.ContactsPageTest" tests="2" failures="0" timestamp="09 Jun 2020 15:50:07 GMT" time="147.522" errors="0">
  <testcase name="verifyContactsPageLabel" time="69.098" classname="com.crm.qa.testcases.ContactsPageTest"/>
  <testcase name="validateNewContact" time="78.424" classname="com.crm.qa.testcases.ContactsPageTest"/>
</testsuite> <!-- com.crm.qa.testcases.ContactsPageTest -->
